Input file: intAll.in
   1: int a = 5;
   2: int b = 5;
   3: int c = 5;
   4: int d = 5;
   5: a++;
   6: b--;
   7: ++c;
   8: --d;
   9: int e = +b;
  10: int f = -b;
  11: int g = !b;
  12: int h = a * b;
  13: int i = a / b;
  14: int j = a % b;
  15: int k = a + b;
  16: int l = a - b;
  17: int m = a << b;
  18: int n = a >> b;
  19: int o = a < b;
  20: int p = a <= b;
  21: int q = a > b;
  22: int r = a >= b;
  23: int s = a == b;
  24: int t = a != b;
  25: int u = a & b;
  26: int v = a ^ b;
  27: int w = a | b;
  28: int x = a && b;
  29: int y = a || b;
  30: int z = a = b;
  31: q += b;
  32: r -= b;
  33: s *= b;
  34: t /= b;
  35: u %= b;
  36: v <<= b;
  37: w >>= b;
  38: x &= b;
  39: y ^= b;
  40: z |= b;
0 errors found in input file
