Input file: dblAllErr.in
   1: double a = 5;
   2: double b = 5;
   3: double c = 5;
   4: double d = 5;
   5: a++;
   6: b--;
   7: ++c;
   8: --d;
   9: double e = +b;
  10: double f = -b;
  11: double g = !b;
  12: double h = a * b;
  13: double i = a / b;
  14: double j = a % b;
Error at 14,17: Invalid use of % operator
  15: double k = a + b;
  16: double l = a - b;
  17: double m = a << b;
  18: double n = a >> b;
  19: double o = a < b;
  20: double p = a <= b;
  21: double q = a > b;
  22: double r = a >= b;
  23: double s = a == b;
  24: double t = a != b;
  25: double u = a & b;
  26: double v = a ^ b;
  27: double w = a | b;
  28: double x = a && b;
  29: double y = a || b;
  30: double z = a = b;
  31: q += b;
  32: r -= b;
  33: s *= b;
  34: t /= b;
  35: u %= b;
  36: v <<= b;
  37: w >>= b;
  38: x &= b;
  39: y ^= b;
  40: z |= b;
